e:\ise207\image process\image process\x64\release\image process.pch
e:\ise207\image process\image process\x64\release\vc141.pdb
e:\ise207\image process\image process\x64\release\stdafx.obj
e:\ise207\image process\image process\x64\release\image process.obj
e:\ise207\image process\x64\release\image process.ipdb
e:\ise207\image process\x64\release\image process.iobj
e:\ise207\image process\image process\x64\release\image process.res
e:\ise207\image process\x64\release\image process.pdb
e:\ise207\image process\image process\x64\release\image process.tlog\cl.command.1.tlog
e:\ise207\image process\image process\x64\release\image process.tlog\cl.read.1.tlog
e:\ise207\image process\image process\x64\release\image process.tlog\cl.write.1.tlog
e:\ise207\image process\image process\x64\release\image process.tlog\image process.write.1u.tlog
e:\ise207\image process\image process\x64\release\image process.tlog\link-cvtres.read.1.tlog
e:\ise207\image process\image process\x64\release\image process.tlog\link-cvtres.write.1.tlog
e:\ise207\image process\image process\x64\release\image process.tlog\link-rc.read.1.tlog
e:\ise207\image process\image process\x64\release\image process.tlog\link-rc.write.1.tlog
e:\ise207\image process\image process\x64\release\image process.tlog\link.command.1.tlog
e:\ise207\image process\image process\x64\release\image process.tlog\link.read.1.tlog
e:\ise207\image process\image process\x64\release\image process.tlog\link.read.8.tlog
e:\ise207\image process\image process\x64\release\image process.tlog\link.write.1.tlog
e:\ise207\image process\image process\x64\release\image process.tlog\rc.command.1.tlog
e:\ise207\image process\image process\x64\release\image process.tlog\rc.read.1.tlog
e:\ise207\image process\image process\x64\release\image process.tlog\rc.write.1.tlog
